# JRE version: OpenJDK Runtime Environment Corretto-18.0.2.9.1 (18.0.2+9) (build 18.0.2+9-FR)
# Java VM: OpenJDK 64-Bit Server VM Corretto-18.0.2.9.1 (18.0.2+9-FR, mixed mode, sharing, tiered, compressed oops, compressed class ptrs, g1 gc, windows-amd64)
GC Precious Log:
 CardTable entry size: 512
 Card Set container configuration: InlinePtr #cards 4 size 8 Array Of Cards #cards 16 size 48 Howl #buckets 8 coarsen threshold 3686 Howl Bitmap #cards 512 size 80 coarsen threshold 460 Card regions per heap region 1 cards per card region 4096
 CPUs: 12 total, 12 available
 Memory: 15722M
 Large Page Support: Disabled
 NUMA Support: Disabled
 Compressed Oops: Enabled (Zero based)
 Heap Region Size: 2M
 Heap Min Capacity: 8M
 Heap Initial Capacity: 246M
 Heap Max Capacity: 3932M
 Pre-touch: Disabled
 Parallel Workers: 10
 Concurrent Workers: 3
 Concurrent Refinement Workers: 10
 Periodic GC: Disabled
Heap:
 garbage-first heap   total 251904K, used 84117K [0x000000070a400000, 0x0000000800000000)
  region size 2048K, 38 young (77824K), 1 survivors (2048K)
 Metaspace       used 6962K, committed 7168K, reserved 1114112K
  class space    used 324K, committed 448K, reserved 1048576K
GC Heap History (20 events):
Event: 396.519 GC heap before
{Heap before GC invocations=138 (full 0):
 garbage-first heap   total 251904K, used 157845K [0x000000070a400000, 0x0000000800000000)
  region size 2048K, 73 young (149504K), 1 survivors (2048K)
 Metaspace       used 6962K, committed 7168K, reserved 1114112K
  class space    used 324K, committed 448K, reserved 1048576K
}
Event: 396.521 GC heap after
{Heap after GC invocations=139 (full 0):
 garbage-first heap   total 251904K, used 10389K [0x000000070a400000, 0x0000000800000000)
  region size 2048K, 1 young (2048K), 1 survivors (2048K)
 Metaspace       used 6962K, committed 7168K, reserved 1114112K
  class space    used 324K, committed 448K, reserved 1048576K
}
Event: 399.078 GC heap before
{Heap before GC invocations=139 (full 0):
 garbage-first heap   total 251904K, used 157845K [0x000000070a400000, 0x0000000800000000)
  region size 2048K, 73 young (149504K), 1 survivors (2048K)
 Metaspace       used 6962K, committed 7168K, reserved 1114112K
  class space    used 324K, committed 448K, reserved 1048576K
}
Event: 399.079 GC heap after
{Heap after GC invocations=140 (full 0):
 garbage-first heap   total 251904K, used 10385K [0x000000070a400000, 0x0000000800000000)
  region size 2048K, 1 young (2048K), 1 survivors (2048K)
 Metaspace       used 6962K, committed 7168K, reserved 1114112K
  class space    used 324K, committed 448K, reserved 1048576K
}
Event: 401.530 GC heap before
{Heap before GC invocations=140 (full 0):
 garbage-first heap   total 251904K, used 157841K [0x000000070a400000, 0x0000000800000000)
  region size 2048K, 73 young (149504K), 1 survivors (2048K)
 Metaspace       used 6962K, committed 7168K, reserved 1114112K
  class space    used 324K, committed 448K, reserved 1048576K
}
Event: 401.531 GC heap after
{Heap after GC invocations=141 (full 0):
 garbage-first heap   total 251904K, used 10389K [0x000000070a400000, 0x0000000800000000)
  region size 2048K, 1 young (2048K), 1 survivors (2048K)
 Metaspace       used 6962K, committed 7168K, reserved 1114112K
  class space    used 324K, committed 448K, reserved 1048576K
}
Event: 404.030 GC heap before
{Heap before GC invocations=141 (full 0):
 garbage-first heap   total 251904K, used 157845K [0x000000070a400000, 0x0000000800000000)
  region size 2048K, 73 young (149504K), 1 survivors (2048K)
 Metaspace       used 6962K, committed 7168K, reserved 1114112K
  class space    used 324K, committed 448K, reserved 1048576K
}
Event: 404.031 GC heap after
{Heap after GC invocations=142 (full 0):
 garbage-first heap   total 251904K, used 10389K [0x000000070a400000, 0x0000000800000000)
  region size 2048K, 1 young (2048K), 1 survivors (2048K)
 Metaspace       used 6962K, committed 7168K, reserved 1114112K
  class space    used 324K, committed 448K, reserved 1048576K
}
Event: 406.635 GC heap before
{Heap before GC invocations=142 (full 0):
 garbage-first heap   total 251904K, used 157845K [0x000000070a400000, 0x0000000800000000)
  region size 2048K, 73 young (149504K), 1 survivors (2048K)
 Metaspace       used 6962K, committed 7168K, reserved 1114112K
  class space    used 324K, committed 448K, reserved 1048576K
}
Event: 406.636 GC heap after
{Heap after GC invocations=143 (full 0):
 garbage-first heap   total 251904K, used 10389K [0x000000070a400000, 0x0000000800000000)
  region size 2048K, 1 young (2048K), 1 survivors (2048K)
 Metaspace       used 6962K, committed 7168K, reserved 1114112K
  class space    used 324K, committed 448K, reserved 1048576K
}
Event: 409.090 GC heap before
{Heap before GC invocations=143 (full 0):
 garbage-first heap   total 251904K, used 157845K [0x000000070a400000, 0x0000000800000000)
  region size 2048K, 73 young (149504K), 1 survivors (2048K)
 Metaspace       used 6962K, committed 7168K, reserved 1114112K
  class space    used 324K, committed 448K, reserved 1048576K
}
Event: 409.092 GC heap after
{Heap after GC invocations=144 (full 0):
 garbage-first heap   total 251904K, used 10385K [0x000000070a400000, 0x0000000800000000)
  region size 2048K, 1 young (2048K), 1 survivors (2048K)
 Metaspace       used 6962K, committed 7168K, reserved 1114112K
  class space    used 324K, committed 448K, reserved 1048576K
}
Event: 411.627 GC heap before
{Heap before GC invocations=144 (full 0):
 garbage-first heap   total 251904K, used 157841K [0x000000070a400000, 0x0000000800000000)
  region size 2048K, 73 young (149504K), 1 survivors (2048K)
 Metaspace       used 6962K, committed 7168K, reserved 1114112K
  class space    used 324K, committed 448K, reserved 1048576K
}
Event: 411.629 GC heap after
{Heap after GC invocations=145 (full 0):
 garbage-first heap   total 251904K, used 10385K [0x000000070a400000, 0x0000000800000000)
  region size 2048K, 1 young (2048K), 1 survivors (2048K)
 Metaspace       used 6962K, committed 7168K, reserved 1114112K
  class space    used 324K, committed 448K, reserved 1048576K
}
Event: 414.101 GC heap before
{Heap before GC invocations=145 (full 0):
 garbage-first heap   total 251904K, used 157841K [0x000000070a400000, 0x0000000800000000)
  region size 2048K, 73 young (149504K), 1 survivors (2048K)
 Metaspace       used 6962K, committed 7168K, reserved 1114112K
  class space    used 324K, committed 448K, reserved 1048576K
}
Event: 414.102 GC heap after
{Heap after GC invocations=146 (full 0):
 garbage-first heap   total 251904K, used 10389K [0x000000070a400000, 0x0000000800000000)
  region size 2048K, 1 young (2048K), 1 survivors (2048K)
 Metaspace       used 6962K, committed 7168K, reserved 1114112K
  class space    used 324K, committed 448K, reserved 1048576K
}
Event: 416.618 GC heap before
{Heap before GC invocations=146 (full 0):
 garbage-first heap   total 251904K, used 157845K [0x000000070a400000, 0x0000000800000000)
  region size 2048K, 73 young (149504K), 1 survivors (2048K)
 Metaspace       used 6962K, committed 7168K, reserved 1114112K
  class space    used 324K, committed 448K, reserved 1048576K
}
Event: 416.619 GC heap after
{Heap after GC invocations=147 (full 0):
 garbage-first heap   total 251904K, used 10385K [0x000000070a400000, 0x0000000800000000)
  region size 2048K, 1 young (2048K), 1 survivors (2048K)
 Metaspace       used 6962K, committed 7168K, reserved 1114112K
  class space    used 324K, committed 448K, reserved 1048576K
}
Event: 419.122 GC heap before
{Heap before GC invocations=147 (full 0):
 garbage-first heap   total 251904K, used 157841K [0x000000070a400000, 0x0000000800000000)
  region size 2048K, 73 young (149504K), 1 survivors (2048K)
 Metaspace       used 6962K, committed 7168K, reserved 1114112K
  class space    used 324K, committed 448K, reserved 1048576K
}
Event: 419.124 GC heap after
{Heap after GC invocations=148 (full 0):
 garbage-first heap   total 251904K, used 10389K [0x000000070a400000, 0x0000000800000000)
  region size 2048K, 1 young (2048K), 1 survivors (2048K)
 Metaspace       used 6962K, committed 7168K, reserved 1114112K
  class space    used 324K, committed 448K, reserved 1048576K
}

